<?xml version="1.0" encoding="UTF-8"?>
<testsuite xmlns:xsi="http://www.w3.org/2001/XMLSchema-instance" xsi:noNamespaceSchemaLocation="https://maven.apache.org/surefire/maven-surefire-plugin/xsd/surefire-test-report-3.0.xsd" version="3.0" name="application.controller.LoginAndRegisterWindowControllerTest" time="1.579" tests="4" errors="0" skipped="0" failures="0">
  <properties>
    <property name="sun.desktop" value="windows"/>
    <property name="awt.toolkit" value="sun.awt.windows.WToolkit"/>
    <property name="java.specification.version" value="11"/>
    <property name="javafx.runtime.version" value="13+14"/>
    <property name="sun.cpu.isalist" value="amd64"/>
    <property name="sun.jnu.encoding" value="Cp1252"/>
    <property name="java.class.path" value="M:\Java\Github\Software-Engineering-Project\client\target\test-classes;C:\Users\dmb537\.m2\repository\ch\qos\logback\logback-classic\1.2.3\logback-classic-1.2.3.jar;C:\Users\dmb537\.m2\repository\ch\qos\logback\logback-core\1.2.3\logback-core-1.2.3.jar;C:\Users\dmb537\.m2\repository\org\slf4j\slf4j-api\1.7.25\slf4j-api-1.7.25.jar;C:\Users\dmb537\.m2\repository\org\junit\jupiter\junit-jupiter-engine\5.3.2\junit-jupiter-engine-5.3.2.jar;C:\Users\dmb537\.m2\repository\org\apiguardian\apiguardian-api\1.0.0\apiguardian-api-1.0.0.jar;C:\Users\dmb537\.m2\repository\org\junit\platform\junit-platform-engine\1.3.2\junit-platform-engine-1.3.2.jar;C:\Users\dmb537\.m2\repository\org\junit\platform\junit-platform-commons\1.3.2\junit-platform-commons-1.3.2.jar;C:\Users\dmb537\.m2\repository\org\opentest4j\opentest4j\1.1.1\opentest4j-1.1.1.jar;C:\Users\dmb537\.m2\repository\org\junit\jupiter\junit-jupiter-api\5.3.2\junit-jupiter-api-5.3.2.jar;C:\Users\dmb537\.m2\repository\org\mockito\mockito-core\3.2.4\mockito-core-3.2.4.jar;C:\Users\dmb537\.m2\repository\net\bytebuddy\byte-buddy\1.10.5\byte-buddy-1.10.5.jar;C:\Users\dmb537\.m2\repository\net\bytebuddy\byte-buddy-agent\1.10.5\byte-buddy-agent-1.10.5.jar;C:\Users\dmb537\.m2\repository\org\objenesis\objenesis\2.6\objenesis-2.6.jar;C:\Users\dmb537\.m2\repository\org\openjfx\javafx-controls\13\javafx-controls-13.jar;C:\Users\dmb537\.m2\repository\org\openjfx\javafx-graphics\13\javafx-graphics-13.jar;C:\Users\dmb537\.m2\repository\org\openjfx\javafx-base\13\javafx-base-13.jar;C:\Users\dmb537\.m2\repository\org\openjfx\javafx-fxml\13\javafx-fxml-13.jar;C:\Users\dmb537\.m2\repository\org\openjfx\javafx-web\13\javafx-web-13.jar;C:\Users\dmb537\.m2\repository\org\openjfx\javafx-media\13\javafx-media-13.jar;C:\Users\dmb537\.m2\repository\org\openjfx\javafx-swing\13\javafx-swing-13.jar;C:\Users\dmb537\.m2\repository\org\openjfx\javafx-swing\13\javafx-swing-13-win.jar;C:\Users\dmb537\.m2\repository\mysql\mysql-connector-java\8.0.18\mysql-connector-java-8.0.18.jar;C:\Users\dmb537\.m2\repository\com\google\protobuf\protobuf-java\3.6.1\protobuf-java-3.6.1.jar;C:\Users\dmb537\.m2\repository\uk\co\caprica\vlcj\4.3.0\vlcj-4.3.0.jar;C:\Users\dmb537\.m2\repository\uk\co\caprica\vlcj-natives\4.1.0\vlcj-natives-4.1.0.jar;C:\Users\dmb537\.m2\repository\net\java\dev\jna\jna\5.2.0\jna-5.2.0.jar;C:\Users\dmb537\.m2\repository\net\java\dev\jna\jna-platform\5.2.0\jna-platform-5.2.0.jar;C:\Users\dmb537\.m2\repository\com\github\sarxos\webcam-capture\0.3.12\webcam-capture-0.3.12.jar;C:\Users\dmb537\.m2\repository\com\nativelibs4java\bridj\0.7.0\bridj-0.7.0.jar;"/>
    <property name="java.vm.vendor" value="AdoptOpenJDK"/>
    <property name="sun.arch.data.model" value="64"/>
    <property name="user.variant" value=""/>
    <property name="java.vendor.url" value="https://adoptopenjdk.net/"/>
    <property name="user.timezone" value="Europe/London"/>
    <property name="javafx.version" value="13"/>
    <property name="java.vm.specification.version" value="11"/>
    <property name="os.name" value="Windows 10"/>
    <property name="sun.java.launcher" value="SUN_STANDARD"/>
    <property name="user.country" value="GB"/>
    <property name="sun.boot.library.path" value="C:\Program Files\AdoptOpenJDK\jdk-11.0.6.10-hotspot\bin"/>
    <property name="sun.java.command" value="org.apache.maven.surefire.booter.ForkedBooter C:\Users\dmb537\AppData\Local\Temp\surefire10777651643842252425 2020-02-12T16-51-52_888-jvmRun1 surefire15087730110929489984tmp surefire_09779592744750277993tmp"/>
    <property name="jdk.debug" value="release"/>
    <property name="surefire.test.class.path" value="M:\Java\Github\Software-Engineering-Project\client\target\test-classes;C:\Users\dmb537\.m2\repository\ch\qos\logback\logback-classic\1.2.3\logback-classic-1.2.3.jar;C:\Users\dmb537\.m2\repository\ch\qos\logback\logback-core\1.2.3\logback-core-1.2.3.jar;C:\Users\dmb537\.m2\repository\org\slf4j\slf4j-api\1.7.25\slf4j-api-1.7.25.jar;C:\Users\dmb537\.m2\repository\org\junit\jupiter\junit-jupiter-engine\5.3.2\junit-jupiter-engine-5.3.2.jar;C:\Users\dmb537\.m2\repository\org\apiguardian\apiguardian-api\1.0.0\apiguardian-api-1.0.0.jar;C:\Users\dmb537\.m2\repository\org\junit\platform\junit-platform-engine\1.3.2\junit-platform-engine-1.3.2.jar;C:\Users\dmb537\.m2\repository\org\junit\platform\junit-platform-commons\1.3.2\junit-platform-commons-1.3.2.jar;C:\Users\dmb537\.m2\repository\org\opentest4j\opentest4j\1.1.1\opentest4j-1.1.1.jar;C:\Users\dmb537\.m2\repository\org\junit\jupiter\junit-jupiter-api\5.3.2\junit-jupiter-api-5.3.2.jar;C:\Users\dmb537\.m2\repository\org\mockito\mockito-core\3.2.4\mockito-core-3.2.4.jar;C:\Users\dmb537\.m2\repository\net\bytebuddy\byte-buddy\1.10.5\byte-buddy-1.10.5.jar;C:\Users\dmb537\.m2\repository\net\bytebuddy\byte-buddy-agent\1.10.5\byte-buddy-agent-1.10.5.jar;C:\Users\dmb537\.m2\repository\org\objenesis\objenesis\2.6\objenesis-2.6.jar;C:\Users\dmb537\.m2\repository\org\openjfx\javafx-controls\13\javafx-controls-13.jar;C:\Users\dmb537\.m2\repository\org\openjfx\javafx-graphics\13\javafx-graphics-13.jar;C:\Users\dmb537\.m2\repository\org\openjfx\javafx-base\13\javafx-base-13.jar;C:\Users\dmb537\.m2\repository\org\openjfx\javafx-fxml\13\javafx-fxml-13.jar;C:\Users\dmb537\.m2\repository\org\openjfx\javafx-web\13\javafx-web-13.jar;C:\Users\dmb537\.m2\repository\org\openjfx\javafx-media\13\javafx-media-13.jar;C:\Users\dmb537\.m2\repository\org\openjfx\javafx-swing\13\javafx-swing-13.jar;C:\Users\dmb537\.m2\repository\org\openjfx\javafx-swing\13\javafx-swing-13-win.jar;C:\Users\dmb537\.m2\repository\mysql\mysql-connector-java\8.0.18\mysql-connector-java-8.0.18.jar;C:\Users\dmb537\.m2\repository\com\google\protobuf\protobuf-java\3.6.1\protobuf-java-3.6.1.jar;C:\Users\dmb537\.m2\repository\uk\co\caprica\vlcj\4.3.0\vlcj-4.3.0.jar;C:\Users\dmb537\.m2\repository\uk\co\caprica\vlcj-natives\4.1.0\vlcj-natives-4.1.0.jar;C:\Users\dmb537\.m2\repository\net\java\dev\jna\jna\5.2.0\jna-5.2.0.jar;C:\Users\dmb537\.m2\repository\net\java\dev\jna\jna-platform\5.2.0\jna-platform-5.2.0.jar;C:\Users\dmb537\.m2\repository\com\github\sarxos\webcam-capture\0.3.12\webcam-capture-0.3.12.jar;C:\Users\dmb537\.m2\repository\com\nativelibs4java\bridj\0.7.0\bridj-0.7.0.jar;"/>
    <property name="sun.cpu.endian" value="little"/>
    <property name="user.home" value="C:\Users\dmb537"/>
    <property name="user.language" value="en"/>
    <property name="java.specification.vendor" value="Oracle Corporation"/>
    <property name="jdk.module.path" value="M:\Java\Github\Software-Engineering-Project\client\target\classes;C:\Users\dmb537\.m2\repository\org\openjfx\javafx-controls\13\javafx-controls-13-win.jar;C:\Users\dmb537\.m2\repository\org\openjfx\javafx-graphics\13\javafx-graphics-13-win.jar;C:\Users\dmb537\.m2\repository\org\openjfx\javafx-base\13\javafx-base-13-win.jar;C:\Users\dmb537\.m2\repository\org\openjfx\javafx-fxml\13\javafx-fxml-13-win.jar;C:\Users\dmb537\.m2\repository\org\openjfx\javafx-web\13\javafx-web-13-win.jar;C:\Users\dmb537\.m2\repository\org\openjfx\javafx-media\13\javafx-media-13-win.jar;C:\Users\dmb537\.m2\repository\commons-codec\commons-codec\1.13\commons-codec-1.13.jar;C:\Users\dmb537\.m2\repository\com\google\code\gson\gson\2.8.6\gson-2.8.6.jar"/>
    <property name="java.version.date" value="2020-01-14"/>
    <property name="java.home" value="C:\Program Files\AdoptOpenJDK\jdk-11.0.6.10-hotspot"/>
    <property name="file.separator" value="\"/>
    <property name="basedir" value="M:\Java\Github\Software-Engineering-Project\client"/>
    <property name="java.vm.compressedOopsMode" value="32-bit"/>
    <property name="line.separator" value="&#10;"/>
    <property name="java.specification.name" value="Java Platform API Specification"/>
    <property name="java.vm.specification.vendor" value="Oracle Corporation"/>
    <property name="java.awt.graphicsenv" value="sun.awt.Win32GraphicsEnvironment"/>
    <property name="surefire.real.class.path" value="C:\Users\dmb537\.m2\repository\org\apache\maven\surefire\surefire-booter\3.0.0-M4\surefire-booter-3.0.0-M4.jar;C:\Users\dmb537\.m2\repository\org\apache\maven\surefire\surefire-api\3.0.0-M4\surefire-api-3.0.0-M4.jar;C:\Users\dmb537\.m2\repository\org\apache\maven\surefire\surefire-logger-api\3.0.0-M4\surefire-logger-api-3.0.0-M4.jar;M:\Java\Github\Software-Engineering-Project\client\target\test-classes;C:\Users\dmb537\.m2\repository\ch\qos\logback\logback-classic\1.2.3\logback-classic-1.2.3.jar;C:\Users\dmb537\.m2\repository\ch\qos\logback\logback-core\1.2.3\logback-core-1.2.3.jar;C:\Users\dmb537\.m2\repository\org\slf4j\slf4j-api\1.7.25\slf4j-api-1.7.25.jar;C:\Users\dmb537\.m2\repository\org\junit\jupiter\junit-jupiter-engine\5.3.2\junit-jupiter-engine-5.3.2.jar;C:\Users\dmb537\.m2\repository\org\apiguardian\apiguardian-api\1.0.0\apiguardian-api-1.0.0.jar;C:\Users\dmb537\.m2\repository\org\junit\platform\junit-platform-engine\1.3.2\junit-platform-engine-1.3.2.jar;C:\Users\dmb537\.m2\repository\org\junit\platform\junit-platform-commons\1.3.2\junit-platform-commons-1.3.2.jar;C:\Users\dmb537\.m2\repository\org\opentest4j\opentest4j\1.1.1\opentest4j-1.1.1.jar;C:\Users\dmb537\.m2\repository\org\junit\jupiter\junit-jupiter-api\5.3.2\junit-jupiter-api-5.3.2.jar;C:\Users\dmb537\.m2\repository\org\mockito\mockito-core\3.2.4\mockito-core-3.2.4.jar;C:\Users\dmb537\.m2\repository\net\bytebuddy\byte-buddy\1.10.5\byte-buddy-1.10.5.jar;C:\Users\dmb537\.m2\repository\net\bytebuddy\byte-buddy-agent\1.10.5\byte-buddy-agent-1.10.5.jar;C:\Users\dmb537\.m2\repository\org\objenesis\objenesis\2.6\objenesis-2.6.jar;C:\Users\dmb537\.m2\repository\org\openjfx\javafx-controls\13\javafx-controls-13.jar;C:\Users\dmb537\.m2\repository\org\openjfx\javafx-graphics\13\javafx-graphics-13.jar;C:\Users\dmb537\.m2\repository\org\openjfx\javafx-base\13\javafx-base-13.jar;C:\Users\dmb537\.m2\repository\org\openjfx\javafx-fxml\13\javafx-fxml-13.jar;C:\Users\dmb537\.m2\repository\org\openjfx\javafx-web\13\javafx-web-13.jar;C:\Users\dmb537\.m2\repository\org\openjfx\javafx-media\13\javafx-media-13.jar;C:\Users\dmb537\.m2\repository\org\openjfx\javafx-swing\13\javafx-swing-13.jar;C:\Users\dmb537\.m2\repository\org\openjfx\javafx-swing\13\javafx-swing-13-win.jar;C:\Users\dmb537\.m2\repository\mysql\mysql-connector-java\8.0.18\mysql-connector-java-8.0.18.jar;C:\Users\dmb537\.m2\repository\com\google\protobuf\protobuf-java\3.6.1\protobuf-java-3.6.1.jar;C:\Users\dmb537\.m2\repository\uk\co\caprica\vlcj\4.3.0\vlcj-4.3.0.jar;C:\Users\dmb537\.m2\repository\uk\co\caprica\vlcj-natives\4.1.0\vlcj-natives-4.1.0.jar;C:\Users\dmb537\.m2\repository\net\java\dev\jna\jna\5.2.0\jna-5.2.0.jar;C:\Users\dmb537\.m2\repository\net\java\dev\jna\jna-platform\5.2.0\jna-platform-5.2.0.jar;C:\Users\dmb537\.m2\repository\com\github\sarxos\webcam-capture\0.3.12\webcam-capture-0.3.12.jar;C:\Users\dmb537\.m2\repository\com\nativelibs4java\bridj\0.7.0\bridj-0.7.0.jar;C:\Users\dmb537\.m2\repository\org\apache\maven\surefire\surefire-junit-platform\3.0.0-M4\surefire-junit-platform-3.0.0-M4.jar;C:\Users\dmb537\.m2\repository\org\apache\maven\surefire\common-java5\3.0.0-M4\common-java5-3.0.0-M4.jar;C:\Users\dmb537\.m2\repository\org\junit\platform\junit-platform-launcher\1.3.2\junit-platform-launcher-1.3.2.jar"/>
    <property name="user.script" value=""/>
    <property name="sun.management.compiler" value="HotSpot 64-Bit Tiered Compilers"/>
    <property name="java.runtime.version" value="11.0.6+10"/>
    <property name="user.name" value="dmb537"/>
    <property name="path.separator" value=";"/>
    <property name="os.version" value="10.0"/>
    <property name="java.runtime.name" value="OpenJDK Runtime Environment"/>
    <property name="file.encoding" value="Cp1252"/>
    <property name="java.vm.name" value="OpenJDK 64-Bit Server VM"/>
    <property name="java.vendor.version" value="AdoptOpenJDK"/>
    <property name="localRepository" value="C:\Users\dmb537\.m2\repository"/>
    <property name="java.vendor.url.bug" value="https://github.com/AdoptOpenJDK/openjdk-support/issues"/>
    <property name="java.io.tmpdir" value="C:\Users\dmb537\AppData\Local\Temp\"/>
    <property name="java.version" value="11.0.6"/>
    <property name="user.dir" value="M:\Java\Github\Software-Engineering-Project\client"/>
    <property name="os.arch" value="amd64"/>
    <property name="java.vm.specification.name" value="Java Virtual Machine Specification"/>
    <property name="java.awt.printerjob" value="sun.awt.windows.WPrinterJob"/>
    <property name="sun.os.patch.level" value=""/>
    <property name="java.library.path" value="C:\Program Files\AdoptOpenJDK\jdk-11.0.6.10-hotspot\bin;C:\WINDOWS\Sun\Java\bin;C:\WINDOWS\system32;C:\WINDOWS;C:\Program Files\AdoptOpenJDK\jdk-11.0.6.10-hotspot\bin;C:\Program Files (x86)\Intel\Intel(R) Management Engine Components\iCLS\;C:\Program Files\Intel\Intel(R) Management Engine Components\iCLS\;C:\Program Files (x86)\Intel\MPI-RT\4.1.3.045\em64t\bin;C:\Program Files (x86)\Intel\MPI-RT\4.1.3.045\ia32\bin;C:\texlive\2015\bin\win32;C:\Apps\Anaconda3;C:\Apps\Anaconda3\Library\mingw-w64\bin;C:\Apps\Anaconda3\Library\usr\bin;C:\Apps\Anaconda3\Library\bin;C:\Apps\Anaconda3\Scripts;C:\WINDOWS\system32;C:\WINDOWS;C:\WINDOWS\System32\Wbem;C:\WINDOWS\System32\WindowsPowerShell\v1.0\;C:\WINDOWS\System32\OpenSSH\;C:\Program Files (x86)\Symyx\Symyx Draw 4.0\lib;C:\Program Files\MATLAB\R2019a\runtime\win64;C:\Program Files\MATLAB\R2019a\bin;C:\TeX\MiKTeX\miktex\bin\x64\;C:\APPS\MINGW\bin;C:\APPS\RTOOLS\bin;C:\TEX\texlive\2016\bin\win32;C:\Program Files (x86)\Wolfram Research\WolframScript\;C:\Program Files\Microsoft SQL Server\120\Tools\Binn\;C:\Program Files (x86)\Common Files\Propellerhead Software\ReWire\;C:\Program Files\Common Files\Propellerhead Software\ReWire\;C:\Program Files (x86)\IT Services\Tools\;C:\Program Files (x86)\LyX 2.3\Perl\bin;C:\Program Files\Mu\bin;C:\Program Files (x86)\Java\jdk1.8.0_201\bin;C:\Program Files (x86)\Pico Technology\PicoScope6\;C:\Program Files (x86)\Windows Kits\8.1\Windows Performance Toolkit\;C:\Program Files (x86)\Intel\Intel(R) Management Engine Components\DAL;C:\Program Files\Intel\Intel(R) Management Engine Components\DAL;C:\Program Files (x86)\Intel\Intel(R) Management Engine Components\IPT;C:\Program Files\Intel\Intel(R) Management Engine Components\IPT;C:\Program Files\PuTTY\;C:\Program Files\Microsoft VS Code\bin;C:\Program Files\TortoiseGit\bin;C:\Program Files\Git\cmd;C:\Users\dmb537\AppData\Local\Microsoft\WindowsApps;;."/>
    <property name="java.vendor" value="AdoptOpenJDK"/>
    <property name="java.vm.info" value="mixed mode"/>
    <property name="java.vm.version" value="11.0.6+10"/>
    <property name="sun.io.unicode.encoding" value="UnicodeLittle"/>
    <property name="java.class.version" value="55.0"/>
  </properties>
  <testcase name="testFieldsValidation" classname="application.controller.LoginAndRegisterWindowControllerTest" time="1.237"/>
  <testcase name="testLoginAction" classname="application.controller.LoginAndRegisterWindowControllerTest" time="0.002"/>
  <testcase name="testRegisterFieldsValidation" classname="application.controller.LoginAndRegisterWindowControllerTest" time="0.001"/>
  <testcase name="testRegisterAction" classname="application.controller.LoginAndRegisterWindowControllerTest" time="0.001"/>
</testsuite>